<?xml version="1.0" encoding="UTF-8" ?>
<testsuites disabled="0" errors="0" failures="1" tests="13" time="0.568">
 <testsuite name="Test Suite: Package" timestamp="2020-05-14T01:58:59" hostname="localhost" time="0.195" errors="0" tests="3" skipped="0" disabled="0" failures="0">
  <testcase classname="Test Suite: Package" name="Test Case 3: Get all Hot Deals" time="0.137" />
  <testcase classname="Test Suite: Package" name="Test Case 2: Search for Austria- Invalid case" time="0.017" />
  <testcase classname="Test Suite: Package" name="Test Case 1: Search for Australia- valid case" time="0.036" />
 </testsuite>
 <testsuite name="Test Suite: Booking" timestamp="2020-05-14T01:58:59" hostname="localhost" time="0.346" errors="0" tests="5" skipped="0" disabled="0" failures="1">
  <testcase classname="Test Suite: Booking" name="No bookings Case" time="0.019" />
  <testcase classname="Test Suite: Booking" name="Bookings available case" time="0.019" />
  <testcase classname="Test Suite: Booking" name="Booking Fail Case" time="0.157" />
  <testcase classname="Test Suite: Booking" name="Cancel booking success case" time="0.074" />
  <testcase classname="Test Suite: Booking" name="Booking Successfull Case" time="0.072">
   <failure type="exception" message="Error: You have a another package booked in selected trip span!!"><![CDATA[error properties: Object({ status: 406 })
Error: You have a another package booked in selected trip span!!
    at C:\Users\abhil\OneDrive\Desktop\Code-ToTrainee\wanderlust-web-service\src\service\bookings.js:48:35
    at processTicksAndRejections (internal/process/task_queues.js:97:5)]]>
   </failure>
  </testcase>
 </testsuite>
 <testsuite name="Test Suite: Login" timestamp="2020-05-14T01:59:00" hostname="localhost" time="0.016" errors="0" tests="3" skipped="0" disabled="0" failures="0">
  <testcase classname="Test Suite: Login" name="Test Case 3: Invalid Password Case" time="0.002" />
  <testcase classname="Test Suite: Login" name="Test Case 1: Valid Login Case" time="0.001" />
  <testcase classname="Test Suite: Login" name="Test Case 2: Invalid ContactNo Case" time="0.004" />
 </testsuite>
 <testsuite name="Test Suite: Register" timestamp="2020-05-14T01:59:00" hostname="localhost" time="0.011" errors="0" tests="2" skipped="0" disabled="0" failures="0">
  <testcase classname="Test Suite: Register" name="Test Case 2: Invalid register" time="0.003" />
  <testcase classname="Test Suite: Register" name="Test Case 1: Valid register" time="0.004" />
 </testsuite>
</testsuites>